0 info it worked if it ends with ok
1 verbose cli [ '/usr/local/Cellar/node/0.10.23/bin/node',
1 verbose cli   '/usr/local/bin/npm',
1 verbose cli   'install',
1 verbose cli   '--production' ]
2 info using npm@1.3.17
3 info using node@v0.10.23
4 error install Couldn't read dependencies
5 error package.json ENOENT, open '/Users/ruicosta/Google Drive/ruicosta.io/blog/package.json'
5 error package.json This is most likely not a problem with npm itself.
5 error package.json npm can't find a package.json file in your current directory.
6 error System Darwin 14.0.0
7 error command "/usr/local/Cellar/node/0.10.23/bin/node" "/usr/local/bin/npm" "install" "--production"
8 error cwd /Users/ruicosta/Google Drive/ruicosta.io/blog
9 error node -v v0.10.23
10 error npm -v 1.3.17
11 error path /Users/ruicosta/Google Drive/ruicosta.io/blog/package.json
12 error code ENOPACKAGEJSON
13 error errno 34
14 verbose exit [ 34, true ]
